This is pdfTeX, Version 3.14159265-2.6-1.40.20 (MiKTeX 2.9.7200 64-bit) (preloaded format=pdflatex 2019.10.19)  19 JAN 2020 12:42
entering extended mode
**./MemoriaG82.tex
(MemoriaG82.tex
LaTeX2e <2019-10-01> patch level 1

("C:\Users\Alejandro\AppData\Local\Programs\MiKTeX 2.9\tex/latex/base\article.c
ls"
Document Class: article 2019/08/27 v1.4j Standard LaTeX document class

("C:\Users\Alejandro\AppData\Local\Programs\MiKTeX 2.9\tex/latex/base\size12.cl
o"
File: size12.clo 2019/08/27 v1.4j Standard LaTeX file (size option)
)
\c@part=\count80
\c@section=\count81
\c@subsection=\count82
\c@subsubsection=\count83
\c@paragraph=\count84
\c@subparagraph=\count85
\c@figure=\count86
\c@table=\count87
\abovecaptionskip=\skip41
\belowcaptionskip=\skip42
\bibindent=\dimen102
)
("C:\Users\Alejandro\AppData\Local\Programs\MiKTeX 2.9\tex/latex/base\inputenc.
sty"
Package: inputenc 2018/08/11 v1.3c Input encoding file
\inpenc@prehook=\toks14
\inpenc@posthook=\toks15
)
("C:\Users\Alejandro\AppData\Local\Programs\MiKTeX 2.9\tex/latex/graphics\graph
icx.sty"
Package: graphicx 2017/06/01 v1.1a Enhanced LaTeX Graphics (DPC,SPQR)

("C:\Users\Alejandro\AppData\Local\Programs\MiKTeX 2.9\tex/latex/graphics\keyva
l.sty"
Package: keyval 2014/10/28 v1.15 key=value parser (DPC)
\KV@toks@=\toks16
)
("C:\Users\Alejandro\AppData\Local\Programs\MiKTeX 2.9\tex/latex/graphics\graph
ics.sty"
Package: graphics 2019/10/08 v1.3c Standard LaTeX Graphics (DPC,SPQR)

("C:\Users\Alejandro\AppData\Local\Programs\MiKTeX 2.9\tex/latex/graphics\trig.
sty"
Package: trig 2016/01/03 v1.10 sin cos tan (DPC)
)
("C:\Users\Alejandro\AppData\Local\Programs\MiKTeX 2.9\tex/latex/graphics-cfg\g
raphics.cfg"
File: graphics.cfg 2016/06/04 v1.11 sample graphics configuration
)
Package graphics Info: Driver file: pdftex.def on input line 105.

("C:\Users\Alejandro\AppData\Local\Programs\MiKTeX 2.9\tex/latex/graphics-def\p
dftex.def"
File: pdftex.def 2018/01/08 v1.0l Graphics/color driver for pdftex
))
\Gin@req@height=\dimen103
\Gin@req@width=\dimen104
)
("C:\Users\Alejandro\AppData\Local\Programs\MiKTeX 2.9\tex/latex/import\import.
sty"
Package: import 2009/03/23  v 5.1
)
("C:\Users\Alejandro\AppData\Local\Programs\MiKTeX 2.9\tex/latex/pgf/frontendla
yer\tikz.sty"
("C:\Users\Alejandro\AppData\Local\Programs\MiKTeX 2.9\tex/latex/pgf/basiclayer
\pgf.sty"
("C:\Users\Alejandro\AppData\Local\Programs\MiKTeX 2.9\tex/latex/pgf/utilities\
pgfrcs.sty"
("C:\Users\Alejandro\AppData\Local\Programs\MiKTeX 2.9\tex/generic/pgf/utilitie
s\pgfutil-common.tex"
\pgfutil@everybye=\toks17
\pgfutil@tempdima=\dimen105
\pgfutil@tempdimb=\dimen106

("C:\Users\Alejandro\AppData\Local\Programs\MiKTeX 2.9\tex/generic/pgf/utilitie
s\pgfutil-common-lists.tex"))
("C:\Users\Alejandro\AppData\Local\Programs\MiKTeX 2.9\tex/generic/pgf/utilitie
s\pgfutil-latex.def"
\pgfutil@abb=\box27

("C:\Users\Alejandro\AppData\Local\Programs\MiKTeX 2.9\tex/latex/ms\everyshi.st
y"
Package: everyshi 2001/05/15 v3.00 EveryShipout Package (MS)
))
("C:\Users\Alejandro\AppData\Local\Programs\MiKTeX 2.9\tex/generic/pgf/utilitie
s\pgfrcs.code.tex"
("C:\Users\Alejandro\AppData\Local\Programs\MiKTeX 2.9\tex/generic/pgf\pgf.revi
sion.tex")
Package: pgfrcs 2019/08/03 v3.1.4b (3.1.4b)
))
Package: pgf 2019/08/03 v3.1.4b (3.1.4b)

("C:\Users\Alejandro\AppData\Local\Programs\MiKTeX 2.9\tex/latex/pgf/basiclayer
\pgfcore.sty"
("C:\Users\Alejandro\AppData\Local\Programs\MiKTeX 2.9\tex/latex/pgf/systemlaye
r\pgfsys.sty"
("C:\Users\Alejandro\AppData\Local\Programs\MiKTeX 2.9\tex/generic/pgf/systemla
yer\pgfsys.code.tex"
Package: pgfsys 2019/08/03 v3.1.4b (3.1.4b)

("C:\Users\Alejandro\AppData\Local\Programs\MiKTeX 2.9\tex/generic/pgf/utilitie
s\pgfkeys.code.tex"
\pgfkeys@pathtoks=\toks18
\pgfkeys@temptoks=\toks19

("C:\Users\Alejandro\AppData\Local\Programs\MiKTeX 2.9\tex/generic/pgf/utilitie
s\pgfkeysfiltered.code.tex"
\pgfkeys@tmptoks=\toks20
))
\pgf@x=\dimen107
\pgf@y=\dimen108
\pgf@xa=\dimen109
\pgf@ya=\dimen110
\pgf@xb=\dimen111
\pgf@yb=\dimen112
\pgf@xc=\dimen113
\pgf@yc=\dimen114
\pgf@xd=\dimen115
\pgf@yd=\dimen116
\w@pgf@writea=\write3
\r@pgf@reada=\read1
\c@pgf@counta=\count88
\c@pgf@countb=\count89
\c@pgf@countc=\count90
\c@pgf@countd=\count91
\t@pgf@toka=\toks21
\t@pgf@tokb=\toks22
\t@pgf@tokc=\toks23
\pgf@sys@id@count=\count92

("C:\Users\Alejandro\AppData\Local\Programs\MiKTeX 2.9\tex/generic/pgf/systemla
yer\pgf.cfg"
File: pgf.cfg 2019/08/03 v3.1.4b (3.1.4b)
)
Driver file for pgf: pgfsys-pdftex.def

("C:\Users\Alejandro\AppData\Local\Programs\MiKTeX 2.9\tex/generic/pgf/systemla
yer\pgfsys-pdftex.def"
File: pgfsys-pdftex.def 2019/08/03 v3.1.4b (3.1.4b)

("C:\Users\Alejandro\AppData\Local\Programs\MiKTeX 2.9\tex/generic/pgf/systemla
yer\pgfsys-common-pdf.def"
File: pgfsys-common-pdf.def 2019/08/03 v3.1.4b (3.1.4b)
)))
("C:\Users\Alejandro\AppData\Local\Programs\MiKTeX 2.9\tex/generic/pgf/systemla
yer\pgfsyssoftpath.code.tex"
File: pgfsyssoftpath.code.tex 2019/08/03 v3.1.4b (3.1.4b)
\pgfsyssoftpath@smallbuffer@items=\count93
\pgfsyssoftpath@bigbuffer@items=\count94
)
("C:\Users\Alejandro\AppData\Local\Programs\MiKTeX 2.9\tex/generic/pgf/systemla
yer\pgfsysprotocol.code.tex"
File: pgfsysprotocol.code.tex 2019/08/03 v3.1.4b (3.1.4b)
))
("C:\Users\Alejandro\AppData\Local\Programs\MiKTeX 2.9\tex/latex/xcolor\xcolor.
sty"
Package: xcolor 2016/05/11 v2.12 LaTeX color extensions (UK)

("C:\Users\Alejandro\AppData\Local\Programs\MiKTeX 2.9\tex/latex/graphics-cfg\c
olor.cfg"
File: color.cfg 2016/01/02 v1.6 sample color configuration
)
Package xcolor Info: Driver file: pdftex.def on input line 225.
Package xcolor Info: Model `cmy' substituted by `cmy0' on input line 1348.
Package xcolor Info: Model `hsb' substituted by `rgb' on input line 1352.
Package xcolor Info: Model `RGB' extended on input line 1364.
Package xcolor Info: Model `HTML' substituted by `rgb' on input line 1366.
Package xcolor Info: Model `Hsb' substituted by `hsb' on input line 1367.
Package xcolor Info: Model `tHsb' substituted by `hsb' on input line 1368.
Package xcolor Info: Model `HSB' substituted by `hsb' on input line 1369.
Package xcolor Info: Model `Gray' substituted by `gray' on input line 1370.
Package xcolor Info: Model `wave' substituted by `hsb' on input line 1371.
)
("C:\Users\Alejandro\AppData\Local\Programs\MiKTeX 2.9\tex/generic/pgf/basiclay
er\pgfcore.code.tex"
Package: pgfcore 2019/08/03 v3.1.4b (3.1.4b)

("C:\Users\Alejandro\AppData\Local\Programs\MiKTeX 2.9\tex/generic/pgf/math\pgf
math.code.tex"
("C:\Users\Alejandro\AppData\Local\Programs\MiKTeX 2.9\tex/generic/pgf/math\pgf
mathcalc.code.tex"
("C:\Users\Alejandro\AppData\Local\Programs\MiKTeX 2.9\tex/generic/pgf/math\pgf
mathutil.code.tex")
("C:\Users\Alejandro\AppData\Local\Programs\MiKTeX 2.9\tex/generic/pgf/math\pgf
mathparser.code.tex"
\pgfmath@dimen=\dimen117
\pgfmath@count=\count95
\pgfmath@box=\box28
\pgfmath@toks=\toks24
\pgfmath@stack@operand=\toks25
\pgfmath@stack@operation=\toks26
)
("C:\Users\Alejandro\AppData\Local\Programs\MiKTeX 2.9\tex/generic/pgf/math\pgf
mathfunctions.code.tex"
("C:\Users\Alejandro\AppData\Local\Programs\MiKTeX 2.9\tex/generic/pgf/math\pgf
mathfunctions.basic.code.tex")
("C:\Users\Alejandro\AppData\Local\Programs\MiKTeX 2.9\tex/generic/pgf/math\pgf
mathfunctions.trigonometric.code.tex")
("C:\Users\Alejandro\AppData\Local\Programs\MiKTeX 2.9\tex/generic/pgf/math\pgf
mathfunctions.random.code.tex")
("C:\Users\Alejandro\AppData\Local\Programs\MiKTeX 2.9\tex/generic/pgf/math\pgf
mathfunctions.comparison.code.tex")
("C:\Users\Alejandro\AppData\Local\Programs\MiKTeX 2.9\tex/generic/pgf/math\pgf
mathfunctions.base.code.tex")
("C:\Users\Alejandro\AppData\Local\Programs\MiKTeX 2.9\tex/generic/pgf/math\pgf
mathfunctions.round.code.tex")
("C:\Users\Alejandro\AppData\Local\Programs\MiKTeX 2.9\tex/generic/pgf/math\pgf
mathfunctions.misc.code.tex")
("C:\Users\Alejandro\AppData\Local\Programs\MiKTeX 2.9\tex/generic/pgf/math\pgf
mathfunctions.integerarithmetics.code.tex")))
("C:\Users\Alejandro\AppData\Local\Programs\MiKTeX 2.9\tex/generic/pgf/math\pgf
mathfloat.code.tex"
\c@pgfmathroundto@lastzeros=\count96
))
("C:\Users\Alejandro\AppData\Local\Programs\MiKTeX 2.9\tex/generic/pgf/math\pgf
int.code.tex")
("C:\Users\Alejandro\AppData\Local\Programs\MiKTeX 2.9\tex/generic/pgf/basiclay
er\pgfcorepoints.code.tex"
File: pgfcorepoints.code.tex 2019/08/03 v3.1.4b (3.1.4b)
\pgf@picminx=\dimen118
\pgf@picmaxx=\dimen119
\pgf@picminy=\dimen120
\pgf@picmaxy=\dimen121
\pgf@pathminx=\dimen122
\pgf@pathmaxx=\dimen123
\pgf@pathminy=\dimen124
\pgf@pathmaxy=\dimen125
\pgf@xx=\dimen126
\pgf@xy=\dimen127
\pgf@yx=\dimen128
\pgf@yy=\dimen129
\pgf@zx=\dimen130
\pgf@zy=\dimen131
)
("C:\Users\Alejandro\AppData\Local\Programs\MiKTeX 2.9\tex/generic/pgf/basiclay
er\pgfcorepathconstruct.code.tex"
File: pgfcorepathconstruct.code.tex 2019/08/03 v3.1.4b (3.1.4b)
\pgf@path@lastx=\dimen132
\pgf@path@lasty=\dimen133
)
("C:\Users\Alejandro\AppData\Local\Programs\MiKTeX 2.9\tex/generic/pgf/basiclay
er\pgfcorepathusage.code.tex"
File: pgfcorepathusage.code.tex 2019/08/03 v3.1.4b (3.1.4b)
\pgf@shorten@end@additional=\dimen134
\pgf@shorten@start@additional=\dimen135
)
("C:\Users\Alejandro\AppData\Local\Programs\MiKTeX 2.9\tex/generic/pgf/basiclay
er\pgfcorescopes.code.tex"
File: pgfcorescopes.code.tex 2019/08/03 v3.1.4b (3.1.4b)
\pgfpic=\box29
\pgf@hbox=\box30
\pgf@layerbox@main=\box31
\pgf@picture@serial@count=\count97
)
("C:\Users\Alejandro\AppData\Local\Programs\MiKTeX 2.9\tex/generic/pgf/basiclay
er\pgfcoregraphicstate.code.tex"
File: pgfcoregraphicstate.code.tex 2019/08/03 v3.1.4b (3.1.4b)
\pgflinewidth=\dimen136
)
("C:\Users\Alejandro\AppData\Local\Programs\MiKTeX 2.9\tex/generic/pgf/basiclay
er\pgfcoretransformations.code.tex"
File: pgfcoretransformations.code.tex 2019/08/03 v3.1.4b (3.1.4b)
\pgf@pt@x=\dimen137
\pgf@pt@y=\dimen138
\pgf@pt@temp=\dimen139
)
("C:\Users\Alejandro\AppData\Local\Programs\MiKTeX 2.9\tex/generic/pgf/basiclay
er\pgfcorequick.code.tex"
File: pgfcorequick.code.tex 2019/08/03 v3.1.4b (3.1.4b)
)
("C:\Users\Alejandro\AppData\Local\Programs\MiKTeX 2.9\tex/generic/pgf/basiclay
er\pgfcoreobjects.code.tex"
File: pgfcoreobjects.code.tex 2019/08/03 v3.1.4b (3.1.4b)
)
("C:\Users\Alejandro\AppData\Local\Programs\MiKTeX 2.9\tex/generic/pgf/basiclay
er\pgfcorepathprocessing.code.tex"
File: pgfcorepathprocessing.code.tex 2019/08/03 v3.1.4b (3.1.4b)
)
("C:\Users\Alejandro\AppData\Local\Programs\MiKTeX 2.9\tex/generic/pgf/basiclay
er\pgfcorearrows.code.tex"
File: pgfcorearrows.code.tex 2019/08/03 v3.1.4b (3.1.4b)
\pgfarrowsep=\dimen140
)
("C:\Users\Alejandro\AppData\Local\Programs\MiKTeX 2.9\tex/generic/pgf/basiclay
er\pgfcoreshade.code.tex"
File: pgfcoreshade.code.tex 2019/08/03 v3.1.4b (3.1.4b)
\pgf@max=\dimen141
\pgf@sys@shading@range@num=\count98
\pgf@shadingcount=\count99
)
("C:\Users\Alejandro\AppData\Local\Programs\MiKTeX 2.9\tex/generic/pgf/basiclay
er\pgfcoreimage.code.tex"
File: pgfcoreimage.code.tex 2019/08/03 v3.1.4b (3.1.4b)

("C:\Users\Alejandro\AppData\Local\Programs\MiKTeX 2.9\tex/generic/pgf/basiclay
er\pgfcoreexternal.code.tex"
File: pgfcoreexternal.code.tex 2019/08/03 v3.1.4b (3.1.4b)
\pgfexternal@startupbox=\box32
))
("C:\Users\Alejandro\AppData\Local\Programs\MiKTeX 2.9\tex/generic/pgf/basiclay
er\pgfcorelayers.code.tex"
File: pgfcorelayers.code.tex 2019/08/03 v3.1.4b (3.1.4b)
)
("C:\Users\Alejandro\AppData\Local\Programs\MiKTeX 2.9\tex/generic/pgf/basiclay
er\pgfcoretransparency.code.tex"
File: pgfcoretransparency.code.tex 2019/08/03 v3.1.4b (3.1.4b)
)
("C:\Users\Alejandro\AppData\Local\Programs\MiKTeX 2.9\tex/generic/pgf/basiclay
er\pgfcorepatterns.code.tex"
File: pgfcorepatterns.code.tex 2019/08/03 v3.1.4b (3.1.4b)
)
("C:\Users\Alejandro\AppData\Local\Programs\MiKTeX 2.9\tex/generic/pgf/basiclay
er\pgfcorerdf.code.tex"
File: pgfcorerdf.code.tex 2019/08/03 v3.1.4b (3.1.4b)
)))
("C:\Users\Alejandro\AppData\Local\Programs\MiKTeX 2.9\tex/generic/pgf/modules\
pgfmoduleshapes.code.tex"
File: pgfmoduleshapes.code.tex 2019/08/03 v3.1.4b (3.1.4b)
\pgfnodeparttextbox=\box33
)
("C:\Users\Alejandro\AppData\Local\Programs\MiKTeX 2.9\tex/generic/pgf/modules\
pgfmoduleplot.code.tex"
File: pgfmoduleplot.code.tex 2019/08/03 v3.1.4b (3.1.4b)
)
("C:\Users\Alejandro\AppData\Local\Programs\MiKTeX 2.9\tex/latex/pgf/compatibil
ity\pgfcomp-version-0-65.sty"
Package: pgfcomp-version-0-65 2019/08/03 v3.1.4b (3.1.4b)
\pgf@nodesepstart=\dimen142
\pgf@nodesepend=\dimen143
)
("C:\Users\Alejandro\AppData\Local\Programs\MiKTeX 2.9\tex/latex/pgf/compatibil
ity\pgfcomp-version-1-18.sty"
Package: pgfcomp-version-1-18 2019/08/03 v3.1.4b (3.1.4b)
))
("C:\Users\Alejandro\AppData\Local\Programs\MiKTeX 2.9\tex/latex/pgf/utilities\
pgffor.sty"
("C:\Users\Alejandro\AppData\Local\Programs\MiKTeX 2.9\tex/latex/pgf/utilities\
pgfkeys.sty"
("C:\Users\Alejandro\AppData\Local\Programs\MiKTeX 2.9\tex/generic/pgf/utilitie
s\pgfkeys.code.tex"))
("C:\Users\Alejandro\AppData\Local\Programs\MiKTeX 2.9\tex/latex/pgf/math\pgfma
th.sty"
("C:\Users\Alejandro\AppData\Local\Programs\MiKTeX 2.9\tex/generic/pgf/math\pgf
math.code.tex"))
("C:\Users\Alejandro\AppData\Local\Programs\MiKTeX 2.9\tex/generic/pgf/utilitie
s\pgffor.code.tex"
Package: pgffor 2019/08/03 v3.1.4b (3.1.4b)

("C:\Users\Alejandro\AppData\Local\Programs\MiKTeX 2.9\tex/generic/pgf/math\pgf
math.code.tex")
\pgffor@iter=\dimen144
\pgffor@skip=\dimen145
\pgffor@stack=\toks27
\pgffor@toks=\toks28
))
("C:\Users\Alejandro\AppData\Local\Programs\MiKTeX 2.9\tex/generic/pgf/frontend
layer/tikz\tikz.code.tex"
Package: tikz 2019/08/03 v3.1.4b (3.1.4b)

("C:\Users\Alejandro\AppData\Local\Programs\MiKTeX 2.9\tex/generic/pgf/librarie
s\pgflibraryplothandlers.code.tex"
File: pgflibraryplothandlers.code.tex 2019/08/03 v3.1.4b (3.1.4b)
\pgf@plot@mark@count=\count100
\pgfplotmarksize=\dimen146
)
\tikz@lastx=\dimen147
\tikz@lasty=\dimen148
\tikz@lastxsaved=\dimen149
\tikz@lastysaved=\dimen150
\tikz@lastmovetox=\dimen151
\tikz@lastmovetoy=\dimen152
\tikzleveldistance=\dimen153
\tikzsiblingdistance=\dimen154
\tikz@figbox=\box34
\tikz@figbox@bg=\box35
\tikz@tempbox=\box36
\tikz@tempbox@bg=\box37
\tikztreelevel=\count101
\tikznumberofchildren=\count102
\tikznumberofcurrentchild=\count103
\tikz@fig@count=\count104

("C:\Users\Alejandro\AppData\Local\Programs\MiKTeX 2.9\tex/generic/pgf/modules\
pgfmodulematrix.code.tex"
File: pgfmodulematrix.code.tex 2019/08/03 v3.1.4b (3.1.4b)
\pgfmatrixcurrentrow=\count105
\pgfmatrixcurrentcolumn=\count106
\pgf@matrix@numberofcolumns=\count107
)
\tikz@expandcount=\count108

("C:\Users\Alejandro\AppData\Local\Programs\MiKTeX 2.9\tex/generic/pgf/frontend
layer/tikz/libraries\tikzlibrarytopaths.code.tex"
File: tikzlibrarytopaths.code.tex 2019/08/03 v3.1.4b (3.1.4b)
)))
("C:\Users\Alejandro\AppData\Local\Programs\MiKTeX 2.9\tex/generic/pgf/frontend
layer/tikz/libraries\tikzlibraryautomata.code.tex"
File: tikzlibraryautomata.code.tex 2019/08/03 v3.1.4b (3.1.4b)

("C:\Users\Alejandro\AppData\Local\Programs\MiKTeX 2.9\tex/generic/pgf/frontend
layer/tikz/libraries\tikzlibraryshapes.multipart.code.tex"
File: tikzlibraryshapes.multipart.code.tex 2019/08/03 v3.1.4b (3.1.4b)

("C:\Users\Alejandro\AppData\Local\Programs\MiKTeX 2.9\tex/generic/pgf/librarie
s/shapes\pgflibraryshapes.multipart.code.tex"
File: pgflibraryshapes.multipart.code.tex 2019/08/03 v3.1.4b (3.1.4b)
\pgfnodepartlowerbox=\box38
\pgfnodeparttwobox=\box39
\pgfnodepartthreebox=\box40
\pgfnodepartfourbox=\box41
\pgfnodeparttwentybox=\box42
\pgfnodepartnineteenbox=\box43
\pgfnodeparteighteenbox=\box44
\pgfnodepartseventeenbox=\box45
\pgfnodepartsixteenbox=\box46
\pgfnodepartfifteenbox=\box47
\pgfnodepartfourteenbox=\box48
\pgfnodepartthirteenbox=\box49
\pgfnodeparttwelvebox=\box50
\pgfnodepartelevenbox=\box51
\pgfnodeparttenbox=\box52
\pgfnodepartninebox=\box53
\pgfnodeparteightbox=\box54
\pgfnodepartsevenbox=\box55
\pgfnodepartsixbox=\box56
\pgfnodepartfivebox=\box57
)))
("C:\Users\Alejandro\AppData\Local\Programs\MiKTeX 2.9\tex/latex/textpos\textpo
s.sty"
Package: textpos 2019/04/15 v1.9.1

Package: textpos 2019/04/15 1.9.1, absolute positioning of text on the page
\TP@textbox=\box58
\TP@holdbox=\box59
\TPHorizModule=\dimen155
\TPVertModule=\dimen156
\TP@margin=\dimen157
\TP@absmargin=\dimen158
Grid set 16 x 16 = 37.34424pt x 52.81541pt
\TPboxrulesize=\dimen159
\TP@ox=\dimen160
\TP@oy=\dimen161
\TP@tbargs=\toks29
\TP@prevdepth=\dimen162
TextBlockOrigin set to 0pt x 0pt
)
("C:\Users\Alejandro\AppData\Local\Programs\MiKTeX 2.9\tex/latex/listings\listi
ngs.sty"
\lst@mode=\count109
\lst@gtempboxa=\box60
\lst@token=\toks30
\lst@length=\count110
\lst@currlwidth=\dimen163
\lst@column=\count111
\lst@pos=\count112
\lst@lostspace=\dimen164
\lst@width=\dimen165
\lst@newlines=\count113
\lst@lineno=\count114
\lst@maxwidth=\dimen166

("C:\Users\Alejandro\AppData\Local\Programs\MiKTeX 2.9\tex/latex/listings\lstmi
sc.sty"
File: lstmisc.sty 2019/09/10 1.8c (Carsten Heinz)
\c@lstnumber=\count115
\lst@skipnumbers=\count116
\lst@framebox=\box61
)
("C:\Users\Alejandro\AppData\Local\Programs\MiKTeX 2.9\tex/latex/listings\listi
ngs.cfg"
File: listings.cfg 2019/09/10 1.8c listings configuration
))
Package: listings 2019/09/10 1.8c (Carsten Heinz)

("C:\Users\Alejandro\AppData\Local\Programs\MiKTeX 2.9\tex/latex/booktabs\bookt
abs.sty"
Package: booktabs 2019/10/08 v1.6180339 publication quality tables
\heavyrulewidth=\dimen167
\lightrulewidth=\dimen168
\cmidrulewidth=\dimen169
\belowrulesep=\dimen170
\belowbottomsep=\dimen171
\aboverulesep=\dimen172
\abovetopsep=\dimen173
\cmidrulesep=\dimen174
\cmidrulekern=\dimen175
\defaultaddspace=\dimen176
\@cmidla=\count117
\@cmidlb=\count118
\@aboverulesep=\dimen177
\@belowrulesep=\dimen178
\@thisruleclass=\count119
\@lastruleclass=\count120
\@thisrulewidth=\dimen179
)
("C:\Users\Alejandro\AppData\Local\Programs\MiKTeX 2.9\tex/latex/graphics\rotat
ing.sty"
Package: rotating 2016/08/11 v2.16d rotated objects in LaTeX

("C:\Users\Alejandro\AppData\Local\Programs\MiKTeX 2.9\tex/latex/base\ifthen.st
y"
Package: ifthen 2014/09/29 v1.1c Standard LaTeX ifthen package (DPC)
)
\c@r@tfl@t=\count121
\rotFPtop=\skip43
\rotFPbot=\skip44
\rot@float@box=\box62
\rot@mess@toks=\toks31
)
("C:\Users\Alejandro\AppData\Local\Programs\MiKTeX 2.9\tex/latex/pdfpages\pdfpa
ges.sty"
Package: pdfpages 2019/09/21 v0.5n Insert pages of external PDF documents (AM)

("C:\Users\Alejandro\AppData\Local\Programs\MiKTeX 2.9\tex/latex/tools\calc.sty
"
Package: calc 2017/05/25 v4.3 Infix arithmetic (KKT,FJ)
\calc@Acount=\count122
\calc@Bcount=\count123
\calc@Adimen=\dimen180
\calc@Bdimen=\dimen181
\calc@Askip=\skip45
\calc@Bskip=\skip46
LaTeX Info: Redefining \setlength on input line 80.
LaTeX Info: Redefining \addtolength on input line 81.
\calc@Ccount=\count124
\calc@Cskip=\skip47
)
("C:\Users\Alejandro\AppData\Local\Programs\MiKTeX 2.9\tex/latex/eso-pic\eso-pi
c.sty"
Package: eso-pic 2018/04/12 v2.0h eso-pic (RN)

("C:\Users\Alejandro\AppData\Local\Programs\MiKTeX 2.9\tex/generic/oberdiek\atb
egshi.sty"
Package: atbegshi 2016/06/09 v1.18 At begin shipout hook (HO)

("C:\Users\Alejandro\AppData\Local\Programs\MiKTeX 2.9\tex/generic/oberdiek\inf
warerr.sty"
Package: infwarerr 2016/05/16 v1.4 Providing info/warning/error messages (HO)
)
("C:\Users\Alejandro\AppData\Local\Programs\MiKTeX 2.9\tex/generic/oberdiek\ltx
cmds.sty"
Package: ltxcmds 2016/05/16 v1.23 LaTeX kernel commands for general use (HO)
)
("C:\Users\Alejandro\AppData\Local\Programs\MiKTeX 2.9\tex/generic/oberdiek\ifp
df.sty"
Package: ifpdf 2018/09/07 v3.3 Provides the ifpdf switch
)))
\AM@pagewidth=\dimen182
\AM@pageheight=\dimen183

("C:\Users\Alejandro\AppData\Local\Programs\MiKTeX 2.9\tex/latex/pdfpages\pppdf
tex.def"
File: pppdftex.def 2019/09/21 v0.5n Pdfpages driver for pdfTeX (AM)
)
\AM@pagebox=\box63
\AM@global@opts=\toks32
\AM@toc@title=\toks33
\c@AM@survey=\count125
\AM@templatesizebox=\box64
)
("C:\Users\Alejandro\AppData\Local\Programs\MiKTeX 2.9\tex/latex/tools\longtabl
e.sty"
Package: longtable 2019/02/06 v4.12 Multi-page Table package (DPC)
\LTleft=\skip48
\LTright=\skip49
\LTpre=\skip50
\LTpost=\skip51
\LTchunksize=\count126
\LTcapwidth=\dimen184
\LT@head=\box65
\LT@firsthead=\box66
\LT@foot=\box67
\LT@lastfoot=\box68
\LT@cols=\count127
\LT@rows=\count128
\c@LT@tables=\count129
\c@LT@chunks=\count130
\LT@p@ftn=\toks34
)
("C:\Users\Alejandro\AppData\Local\Programs\MiKTeX 2.9\tex/latex/footmisc\footm
isc.sty"
Package: footmisc 2011/06/06 v5.5b a miscellany of footnote facilities
\FN@temptoken=\toks35
\footnotemargin=\dimen185
\c@pp@next@reset=\count131
Package footmisc Info: Declaring symbol style bringhurst on input line 855.
Package footmisc Info: Declaring symbol style chicago on input line 863.
Package footmisc Info: Declaring symbol style wiley on input line 872.
Package footmisc Info: Declaring symbol style lamport-robust on input line 883.

Package footmisc Info: Declaring symbol style lamport* on input line 903.
Package footmisc Info: Declaring symbol style lamport*-robust on input line 924
.
)
("C:\Users\Alejandro\AppData\Local\Programs\MiKTeX 2.9\tex/latex/geometry\geome
try.sty"
Package: geometry 2018/04/16 v5.8 Page Geometry

("C:\Users\Alejandro\AppData\Local\Programs\MiKTeX 2.9\tex/generic/oberdiek\ifv
tex.sty"
Package: ifvtex 2016/05/16 v1.6 Detect VTeX and its facilities (HO)
Package ifvtex Info: VTeX not detected.
)
("C:\Users\Alejandro\AppData\Local\Programs\MiKTeX 2.9\tex/generic/ifxetex\ifxe
tex.sty"
Package: ifxetex 2010/09/12 v0.6 Provides ifxetex conditional
)
\Gm@cnth=\count132
\Gm@cntv=\count133
\c@Gm@tempcnt=\count134
\Gm@bindingoffset=\dimen186
\Gm@wd@mp=\dimen187
\Gm@odd@mp=\dimen188
\Gm@even@mp=\dimen189
\Gm@layoutwidth=\dimen190
\Gm@layoutheight=\dimen191
\Gm@layouthoffset=\dimen192
\Gm@layoutvoffset=\dimen193
\Gm@dimlist=\toks36

("C:\Users\Alejandro\AppData\Local\Programs\MiKTeX 2.9\tex/latex/geometry\geome
try.cfg")) (MemoriaG82.aux

LaTeX Warning: Label `tab:addlabel' multiply defined.

)
\openout1 = `MemoriaG82.aux'.

LaTeX Font Info:    Checking defaults for OML/cmm/m/it on input line 102.
LaTeX Font Info:    ... okay on input line 102.
LaTeX Font Info:    Checking defaults for T1/cmr/m/n on input line 102.
LaTeX Font Info:    ... okay on input line 102.
LaTeX Font Info:    Checking defaults for OT1/cmr/m/n on input line 102.
LaTeX Font Info:    ... okay on input line 102.
LaTeX Font Info:    Checking defaults for OMS/cmsy/m/n on input line 102.
LaTeX Font Info:    ... okay on input line 102.
LaTeX Font Info:    Checking defaults for OMX/cmex/m/n on input line 102.
LaTeX Font Info:    ... okay on input line 102.
LaTeX Font Info:    Checking defaults for U/cmr/m/n on input line 102.
LaTeX Font Info:    ... okay on input line 102.

("C:\Users\Alejandro\AppData\Local\Programs\MiKTeX 2.9\tex/context/base/mkii\su
pp-pdf.mkii"
[Loading MPS to PDF converter (version 2006.09.02).]
\scratchcounter=\count135
\scratchdimen=\dimen194
\scratchbox=\box69
\nofMPsegments=\count136
\nofMParguments=\count137
\everyMPshowfont=\toks37
\MPscratchCnt=\count138
\MPscratchDim=\dimen195
\MPnumerator=\count139
\makeMPintoPDFobject=\count140
\everyMPtoPDFconversion=\toks38
)
("C:\Users\Alejandro\AppData\Local\Programs\MiKTeX 2.9\tex/latex/oberdiek\epsto
pdf-base.sty"
Package: epstopdf-base 2016/05/15 v2.6 Base part for package epstopdf

("C:\Users\Alejandro\AppData\Local\Programs\MiKTeX 2.9\tex/latex/oberdiek\grfex
t.sty"
Package: grfext 2016/05/16 v1.2 Manage graphics extensions (HO)

("C:\Users\Alejandro\AppData\Local\Programs\MiKTeX 2.9\tex/generic/oberdiek\kvd
efinekeys.sty"
Package: kvdefinekeys 2016/05/16 v1.4 Define keys (HO)
))
("C:\Users\Alejandro\AppData\Local\Programs\MiKTeX 2.9\tex/latex/oberdiek\kvopt
ions.sty"
Package: kvoptions 2016/05/16 v3.12 Key value format for package options (HO)

("C:\Users\Alejandro\AppData\Local\Programs\MiKTeX 2.9\tex/generic/oberdiek\kvs
etkeys.sty"
Package: kvsetkeys 2016/05/16 v1.17 Key value parser (HO)

("C:\Users\Alejandro\AppData\Local\Programs\MiKTeX 2.9\tex/generic/oberdiek\ete
xcmds.sty"
Package: etexcmds 2016/05/16 v1.6 Avoid name clashes with e-TeX commands (HO)

("C:\Users\Alejandro\AppData\Local\Programs\MiKTeX 2.9\tex/generic/oberdiek\ifl
uatex.sty"
Package: ifluatex 2016/05/16 v1.4 Provides the ifluatex switch (HO)
Package ifluatex Info: LuaTeX not detected.
))))
("C:\Users\Alejandro\AppData\Local\Programs\MiKTeX 2.9\tex/generic/oberdiek\pdf
texcmds.sty"
Package: pdftexcmds 2019/07/25 v0.30 Utility functions of pdfTeX for LuaTeX (HO
)
Package pdftexcmds Info: LuaTeX not detected.
Package pdftexcmds Info: \pdf@primitive is available.
Package pdftexcmds Info: \pdf@ifprimitive is available.
Package pdftexcmds Info: \pdfdraftmode found.
)
Package epstopdf-base Info: Redefining graphics rule for `.eps' on input line 4
38.
Package grfext Info: Graphics extension search list:
(grfext)             [.pdf,.png,.jpg,.mps,.jpeg,.jbig2,.jb2,.PDF,.PNG,.JPG,.JPE
G,.JBIG2,.JB2,.eps]
(grfext)             \AppendGraphicsExtensions on input line 456.
) ABD: EveryShipout initializing macros
\c@lstlisting=\count141
\AtBeginShipoutBox=\box70

("C:\Users\Alejandro\AppData\Local\Programs\MiKTeX 2.9\tex/latex/oberdiek\pdfls
cape.sty"
Package: pdflscape 2016/05/14 v0.11 Display of landscape pages in PDF (HO)

("C:\Users\Alejandro\AppData\Local\Programs\MiKTeX 2.9\tex/latex/graphics\lscap
e.sty"
Package: lscape 2000/10/22 v3.01 Landscape Pages (DPC)
)
Package pdflscape Info: Auto-detected driver: pdftex on input line 81.
)
*geometry* driver: auto-detecting
*geometry* detected driver: pdftex
*geometry* verbose mode - [ preamble ] result:
* driver: pdftex
* paper: a4paper
* layout: <same size as paper>
* layoutoffset:(h,v)=(0.0pt,0.0pt)
* bindingoffset: 14.45377pt
* modes: 
* h-part:(L,W,R)=(72.26999pt, 438.51413pt, 72.26999pt)
* v-part:(T,H,B)=(72.26999pt, 700.50687pt, 72.26999pt)
* \paperwidth=597.50787pt
* \paperheight=845.04684pt
* \textwidth=438.51413pt
* \textheight=700.50687pt
* \oddsidemargin=14.45377pt
* \evensidemargin=0.0pt
* \topmargin=-37.0pt
* \headheight=12.0pt
* \headsep=25.0pt
* \topskip=12.0pt
* \footskip=18.06749pt
* \marginparwidth=35.0pt
* \marginparsep=10.0pt
* \columnsep=10.0pt
* \skip\footins=10.8pt plus 4.0pt minus 2.0pt
* \hoffset=0.0pt
* \voffset=0.0pt
* \mag=1000
* \@twocolumnfalse
* \@twosidefalse
* \@mparswitchfalse
* \@reversemarginfalse
* (1in=72.27pt=25.4mm, 1cm=28.453pt)

LaTeX Font Info:    External font `cmex10' loaded for size
(Font)              <14.4> on input line 103.
LaTeX Font Info:    External font `cmex10' loaded for size
(Font)              <7> on input line 103.
(MemoriaG82.toc
LaTeX Font Info:    External font `cmex10' loaded for size
(Font)              <12> on input line 2.
LaTeX Font Info:    External font `cmex10' loaded for size
(Font)              <8> on input line 2.
LaTeX Font Info:    External font `cmex10' loaded for size
(Font)              <6> on input line 2.
)
\tf@toc=\write4
\openout4 = `MemoriaG82.toc'.

 [1

{C:/Users/Alejandro/AppData/Local/MiKTeX/2.9/pdftex/config/pdftex.map}] (Lexico
/MemoriaLexicoG82.tex
LaTeX Font Info:    Trying to load font information for OMS+cmr on input line 6
0.

("C:\Users\Alejandro\AppData\Local\Programs\MiKTeX 2.9\tex/latex/base\omscmr.fd
"
File: omscmr.fd 2014/09/29 v2.5h Standard LaTeX font definitions
)
LaTeX Font Info:    Font shape `OMS/cmr/m/it' in size <10.95> not available
(Font)              Font shape `OMS/cmsy/m/n' tried instead on input line 60.
LaTeX Font Info:    Trying to load font information for OML+cmr on input line 6
1.

("C:\Users\Alejandro\AppData\Local\Programs\MiKTeX 2.9\tex/latex/base\omlcmr.fd
"
File: omlcmr.fd 2014/09/29 v2.5h Standard LaTeX font definitions
)
LaTeX Font Info:    Font shape `OML/cmr/m/it' in size <10.95> not available
(Font)              Font shape `OML/cmm/m/it' tried instead on input line 61.
LaTeX Font Info:    External font `cmex10' loaded for size
(Font)              <10.95> on input line 64.
Missing character: There is no ; in font nullfont!
LaTeX Font Info:    Font shape `OMS/cmr/m/n' in size <12> not available
(Font)              Font shape `OMS/cmsy/m/n' tried instead on input line 111.
 [2] [3]
LaTeX Font Info:    Font shape `OMS/cmr/m/n' in size <10.95> not available
(Font)              Font shape `OMS/cmsy/m/n' tried instead on input line 170.
 [4]
Underfull \hbox (badness 10000) in paragraph at lines 203--205

 []


Underfull \hbox (badness 10000) in paragraph at lines 207--211

 []

LaTeX Font Info:    Font shape `OMS/cmr/bx/n' in size <12> not available
(Font)              Font shape `OMS/cmsy/b/n' tried instead on input line 215.

Overfull \hbox (39.07202pt too wide) in paragraph at lines 213--234
|  [] 
 []


Underfull \hbox (badness 10000) in paragraph at lines 213--234

 []


Underfull \hbox (badness 10000) in paragraph at lines 213--234

 []

LaTeX Font Info:    Font shape `OML/cmr/bx/n' in size <12> not available
(Font)              Font shape `OML/cmm/b/it' tried instead on input line 237.

Overfull \hbox (45.33865pt too wide) in paragraph at lines 235--256
[]|  []
 []


Underfull \hbox (badness 10000) in paragraph at lines 235--256

 []

) [5] (Sintactico/MemoriaSintacticoG82.tex [6]
LaTeX Font Info:    External font `cmex10' loaded for size
(Font)              <5> on input line 63.
<Sintactico/EnricoIX.pdf, id=34, 878.28125pt x 705.63625pt>
File: Sintactico/EnricoIX.pdf Graphic file (type pdf)
<use Sintactico/EnricoIX.pdf>
Package pdftex.def Info: Sintactico/EnricoIX.pdf  used on input line 66.
(pdftex.def)             Requested size: 569.05511pt x 457.20456pt.

Overfull \hbox (531.71088pt too wide) in paragraph at lines 66--67
 [] 
 []

[7 <./Sintactico/EnricoIX.pdf>]
LaTeX Font Info:    Font shape `OMS/cmr/m/n' in size <10> not available
(Font)              Font shape `OMS/cmsy/m/n' tried instead on input line 79.
LaTeX Font Info:    Font shape `OML/cmr/m/n' in size <10> not available
(Font)              Font shape `OML/cmm/m/it' tried instead on input line 103.
 [8] [9] [10]
Underfull \hbox (badness 10000) in paragraph at lines 248--249

 []


Underfull \hbox (badness 10000) in paragraph at lines 250--251

 []


Underfull \hbox (badness 10000) in paragraph at lines 252--253

 []


Underfull \hbox (badness 10000) in paragraph at lines 254--255

 []


Underfull \hbox (badness 10000) in paragraph at lines 256--258

 []


Underfull \hbox (badness 10000) in paragraph at lines 259--260

 []


Underfull \hbox (badness 10000) in paragraph at lines 261--262

 []


Underfull \hbox (badness 10000) in paragraph at lines 263--264

 []


Underfull \hbox (badness 10000) in paragraph at lines 265--266

 []


Underfull \hbox (badness 10000) in paragraph at lines 267--268

 []


Underfull \hbox (badness 10000) in paragraph at lines 269--270

 []


Underfull \hbox (badness 10000) in paragraph at lines 271--272

 []


Underfull \hbox (badness 10000) in paragraph at lines 273--275

 []


Underfull \hbox (badness 10000) in paragraph at lines 276--277

 []

LaTeX Font Info:    Font shape `OML/cmr/m/n' in size <12> not available
(Font)              Font shape `OML/cmm/m/it' tried instead on input line 389.

Overfull \hbox (45.87074pt too wide) in paragraph at lines 283--392
 []|  [] 
 []


Overfull \hbox (45.87074pt too wide) in paragraph at lines 397--506
 []|  [] 
 []

[11]) [12] [13] (Semantico/MemoriaSemanticoG82.tex
Overfull \hbox (23.49057pt too wide) in paragraph at lines 25--26
[][][][][][][][][][][][][][][] 
 []


Overfull \hbox (47.49081pt too wide) in paragraph at lines 28--29
[][][][][][][][][][][][][][][][][][][][][][][][][][][][][][][][][][][][] 
 []


Overfull \hbox (17.49051pt too wide) in paragraph at lines 45--46
[][][][][][][][][][][][][][][][][] 
 []


Overfull \hbox (21.97664pt too wide) in paragraph at lines 47--48
[][][][][][][][][][][][][][][][][][][][] 
 []

[14]
Overfull \hbox (17.49051pt too wide) in paragraph at lines 70--71
[][][][][][][][][][][][][][][][][][][][][][][][][][][][][][] 
 []

[15] [16]
Overfull \hbox (9.97652pt too wide) in paragraph at lines 173--174
[][][][][][][][][][][][][][][][][][][][][][][][][][][][][][][][][][][][][] 
 []


Overfull \hbox (26.46277pt too wide) in paragraph at lines 176--177
[][][][][][][][][][][][][][][][][][][][][][][][][][][][][][][][][][][][][][][][
] 
 []


Overfull \hbox (41.49075pt too wide) in paragraph at lines 194--195
[][][][][][][][][][][][][][][][][][] 
 []


Overfull \hbox (5.49039pt too wide) in paragraph at lines 200--201
[][][][][][][][][][][][][][][][][][] 
 []

[17] [18]
Overfull \hbox (35.49069pt too wide) in paragraph at lines 301--302
[][][][][][][][][][][][][][][][][][][][][][][][][][][][][][][] 
 []


Overfull \hbox (41.49075pt too wide) in paragraph at lines 329--330
[][][][][][][][][][][][][][][][][][][][][][][][][][] 
 []

[19] [20] [21]
<Semantico/Enrico.pdf, id=95, 1027.84pt x 706.64pt>
File: Semantico/Enrico.pdf Graphic file (type pdf)
<use Semantico/Enrico.pdf>
Package pdftex.def Info: Semantico/Enrico.pdf  used on input line 438.
(pdftex.def)             Requested size: 569.05511pt x 391.23021pt.

Overfull \hbox (531.71088pt too wide) in paragraph at lines 438--439
 [][] 
 []


Underfull \hbox (badness 10000) in paragraph at lines 443--456

 []

) [22 <./Semantico/Enrico.pdf>] (Pruebas/Error2LEX.txt
LaTeX Font Info:    Font shape `OT1/cmtt/bx/n' in size <10> not available
(Font)              Font shape `OT1/cmtt/m/n' tried instead on input line 1.
) (Pruebas/MsgErr2LEX.txt) (Pruebas/Error2ST.txt) (Pruebas/MsgErr2ST.txt) (Prue
bas/Error3ST.txt)
(Pruebas/MsgErr3ST.txt) [23] (Pruebas/Error1SEM.txt) (Pruebas/MsgErr1SEM.txt)
Overfull \hbox (45.9966pt too wide) in paragraph at lines 1--127
[][][][][][][][][][][][][][][][][][][][][][][][][][][][][][][][][]
 []

(Pruebas/Error2SEM.txt) (Pruebas/MsgErr2SEM.txt) [24] (Pruebas/Prueba2SEM.txt)
(Pruebas/Tokens2SEM.txt [25] [26] [27]) (Pruebas/TS2SEM.txt [28] [29])
(Pruebas/Parse2SEM.txt)
<Pruebas/Prueba2SEMArbol.pdf, id=136, 597.19106pt x 845.07718pt>
File: Pruebas/Prueba2SEMArbol.pdf Graphic file (type pdf)
<use Pruebas/Prueba2SEMArbol.pdf>
Package pdftex.def Info: Pruebas/Prueba2SEMArbol.pdf  used on input line 141.
(pdftex.def)             Requested size: 597.1896pt x 845.07512pt.
File: Pruebas/Prueba2SEMArbol.pdf Graphic file (type pdf)
<use Pruebas/Prueba2SEMArbol.pdf>
Package pdftex.def Info: Pruebas/Prueba2SEMArbol.pdf  used on input line 141.
(pdftex.def)             Requested size: 597.1896pt x 845.07512pt.
<Pruebas/Prueba2SEMArbol.pdf, id=139, page=1, 597.19106pt x 845.07718pt>
File: Pruebas/Prueba2SEMArbol.pdf Graphic file (type pdf)
<use Pruebas/Prueba2SEMArbol.pdf, page 1>
Package pdftex.def Info: Pruebas/Prueba2SEMArbol.pdf , page1 used on input line
 141.
(pdftex.def)             Requested size: 438.51413pt x 620.53755pt.
File: Pruebas/Prueba2SEMArbol.pdf Graphic file (type pdf)
<use Pruebas/Prueba2SEMArbol.pdf, page 1>
Package pdftex.def Info: Pruebas/Prueba2SEMArbol.pdf , page1 used on input line
 141.
(pdftex.def)             Requested size: 813.95514pt x 1151.81715pt.
 [30]
File: Pruebas/Prueba2SEMArbol.pdf Graphic file (type pdf)
<use Pruebas/Prueba2SEMArbol.pdf, page 1>
Package pdftex.def Info: Pruebas/Prueba2SEMArbol.pdf , page1 used on input line
 141.
(pdftex.def)             Requested size: 813.95514pt x 1151.81715pt.
File: Pruebas/Prueba2SEMArbol.pdf Graphic file (type pdf)
<use Pruebas/Prueba2SEMArbol.pdf, page 1>
Package pdftex.def Info: Pruebas/Prueba2SEMArbol.pdf , page1 used on input line
 141.
(pdftex.def)             Requested size: 813.95514pt x 1151.81715pt.
File: Pruebas/Prueba2SEMArbol.pdf Graphic file (type pdf)
<use Pruebas/Prueba2SEMArbol.pdf, page 1>
Package pdftex.def Info: Pruebas/Prueba2SEMArbol.pdf , page1 used on input line
 141.
(pdftex.def)             Requested size: 813.95514pt x 1151.81715pt.
 [31 <./Pruebas/Prueba2SEMArbol.pdf>]
File: Pruebas/Prueba2SEMArbol.pdf Graphic file (type pdf)
<use Pruebas/Prueba2SEMArbol.pdf>
Package pdftex.def Info: Pruebas/Prueba2SEMArbol.pdf  used on input line 142.
(pdftex.def)             Requested size: 597.1896pt x 845.07512pt.
File: Pruebas/Prueba2SEMArbol.pdf Graphic file (type pdf)
<use Pruebas/Prueba2SEMArbol.pdf>
Package pdftex.def Info: Pruebas/Prueba2SEMArbol.pdf  used on input line 142.
(pdftex.def)             Requested size: 597.1896pt x 845.07512pt.
<Pruebas/Prueba2SEMArbol.pdf, id=180, page=2, 597.19106pt x 845.07718pt>
File: Pruebas/Prueba2SEMArbol.pdf Graphic file (type pdf)
<use Pruebas/Prueba2SEMArbol.pdf, page 2>
Package pdftex.def Info: Pruebas/Prueba2SEMArbol.pdf , page2 used on input line
 142.
(pdftex.def)             Requested size: 438.51413pt x 620.53755pt.
File: Pruebas/Prueba2SEMArbol.pdf Graphic file (type pdf)
<use Pruebas/Prueba2SEMArbol.pdf, page 2>
Package pdftex.def Info: Pruebas/Prueba2SEMArbol.pdf , page2 used on input line
 142.
(pdftex.def)             Requested size: 813.95514pt x 1151.81715pt.
File: Pruebas/Prueba2SEMArbol.pdf Graphic file (type pdf)
<use Pruebas/Prueba2SEMArbol.pdf, page 2>
Package pdftex.def Info: Pruebas/Prueba2SEMArbol.pdf , page2 used on input line
 142.
(pdftex.def)             Requested size: 813.95514pt x 1151.81715pt.
File: Pruebas/Prueba2SEMArbol.pdf Graphic file (type pdf)
<use Pruebas/Prueba2SEMArbol.pdf, page 2>
Package pdftex.def Info: Pruebas/Prueba2SEMArbol.pdf , page2 used on input line
 142.
(pdftex.def)             Requested size: 813.95514pt x 1151.81715pt.
File: Pruebas/Prueba2SEMArbol.pdf Graphic file (type pdf)
<use Pruebas/Prueba2SEMArbol.pdf, page 2>
Package pdftex.def Info: Pruebas/Prueba2SEMArbol.pdf , page2 used on input line
 142.
(pdftex.def)             Requested size: 813.95514pt x 1151.81715pt.
 [32 <./Pruebas/Prueba2SEMArbol.pdf>]
<Pruebas/Prueba2SEMArbol.pdf, id=216, page=3, 597.19106pt x 845.07718pt>
File: Pruebas/Prueba2SEMArbol.pdf Graphic file (type pdf)
<use Pruebas/Prueba2SEMArbol.pdf, page 3>
Package pdftex.def Info: Pruebas/Prueba2SEMArbol.pdf , page3 used on input line
 142.
(pdftex.def)             Requested size: 813.95514pt x 1151.81715pt.
File: Pruebas/Prueba2SEMArbol.pdf Graphic file (type pdf)
<use Pruebas/Prueba2SEMArbol.pdf, page 3>
Package pdftex.def Info: Pruebas/Prueba2SEMArbol.pdf , page3 used on input line
 142.
(pdftex.def)             Requested size: 813.95514pt x 1151.81715pt.
File: Pruebas/Prueba2SEMArbol.pdf Graphic file (type pdf)
<use Pruebas/Prueba2SEMArbol.pdf, page 3>
Package pdftex.def Info: Pruebas/Prueba2SEMArbol.pdf , page3 used on input line
 142.
(pdftex.def)             Requested size: 813.95514pt x 1151.81715pt.
 [33 <./Pruebas/Prueba2SEMArbol.pdf>]
<Pruebas/Prueba2SEMArbol.pdf, id=244, page=4, 597.19106pt x 845.07718pt>
File: Pruebas/Prueba2SEMArbol.pdf Graphic file (type pdf)
<use Pruebas/Prueba2SEMArbol.pdf, page 4>
Package pdftex.def Info: Pruebas/Prueba2SEMArbol.pdf , page4 used on input line
 142.
(pdftex.def)             Requested size: 813.95514pt x 1151.81715pt.
File: Pruebas/Prueba2SEMArbol.pdf Graphic file (type pdf)
<use Pruebas/Prueba2SEMArbol.pdf, page 4>
Package pdftex.def Info: Pruebas/Prueba2SEMArbol.pdf , page4 used on input line
 142.
(pdftex.def)             Requested size: 813.95514pt x 1151.81715pt.
File: Pruebas/Prueba2SEMArbol.pdf Graphic file (type pdf)
<use Pruebas/Prueba2SEMArbol.pdf, page 4>
Package pdftex.def Info: Pruebas/Prueba2SEMArbol.pdf , page4 used on input line
 142.
(pdftex.def)             Requested size: 813.95514pt x 1151.81715pt.
 [34 <./Pruebas/Prueba2SEMArbol.pdf>]
<Pruebas/Prueba2SEMArbol.pdf, id=278, page=5, 597.19106pt x 845.07718pt>
File: Pruebas/Prueba2SEMArbol.pdf Graphic file (type pdf)
<use Pruebas/Prueba2SEMArbol.pdf, page 5>
Package pdftex.def Info: Pruebas/Prueba2SEMArbol.pdf , page5 used on input line
 142.
(pdftex.def)             Requested size: 813.95514pt x 1151.81715pt.
File: Pruebas/Prueba2SEMArbol.pdf Graphic file (type pdf)
<use Pruebas/Prueba2SEMArbol.pdf, page 5>
Package pdftex.def Info: Pruebas/Prueba2SEMArbol.pdf , page5 used on input line
 142.
(pdftex.def)             Requested size: 813.95514pt x 1151.81715pt.
File: Pruebas/Prueba2SEMArbol.pdf Graphic file (type pdf)
<use Pruebas/Prueba2SEMArbol.pdf, page 5>
Package pdftex.def Info: Pruebas/Prueba2SEMArbol.pdf , page5 used on input line
 142.
(pdftex.def)             Requested size: 813.95514pt x 1151.81715pt.
 [35 <./Pruebas/Prueba2SEMArbol.pdf>]
<Pruebas/Prueba2SEMArbol.pdf, id=310, page=6, 597.19106pt x 845.07718pt>
File: Pruebas/Prueba2SEMArbol.pdf Graphic file (type pdf)
<use Pruebas/Prueba2SEMArbol.pdf, page 6>
Package pdftex.def Info: Pruebas/Prueba2SEMArbol.pdf , page6 used on input line
 142.
(pdftex.def)             Requested size: 813.95514pt x 1151.81715pt.
File: Pruebas/Prueba2SEMArbol.pdf Graphic file (type pdf)
<use Pruebas/Prueba2SEMArbol.pdf, page 6>
Package pdftex.def Info: Pruebas/Prueba2SEMArbol.pdf , page6 used on input line
 142.
(pdftex.def)             Requested size: 813.95514pt x 1151.81715pt.
File: Pruebas/Prueba2SEMArbol.pdf Graphic file (type pdf)
<use Pruebas/Prueba2SEMArbol.pdf, page 6>
Package pdftex.def Info: Pruebas/Prueba2SEMArbol.pdf , page6 used on input line
 142.
(pdftex.def)             Requested size: 813.95514pt x 1151.81715pt.
 [36 <./Pruebas/Prueba2SEMArbol.pdf>]
<Pruebas/Prueba2SEMArbol.pdf, id=346, page=7, 597.19106pt x 845.07718pt>
File: Pruebas/Prueba2SEMArbol.pdf Graphic file (type pdf)
<use Pruebas/Prueba2SEMArbol.pdf, page 7>
Package pdftex.def Info: Pruebas/Prueba2SEMArbol.pdf , page7 used on input line
 142.
(pdftex.def)             Requested size: 813.95514pt x 1151.81715pt.
File: Pruebas/Prueba2SEMArbol.pdf Graphic file (type pdf)
<use Pruebas/Prueba2SEMArbol.pdf, page 7>
Package pdftex.def Info: Pruebas/Prueba2SEMArbol.pdf , page7 used on input line
 142.
(pdftex.def)             Requested size: 813.95514pt x 1151.81715pt.
File: Pruebas/Prueba2SEMArbol.pdf Graphic file (type pdf)
<use Pruebas/Prueba2SEMArbol.pdf, page 7>
Package pdftex.def Info: Pruebas/Prueba2SEMArbol.pdf , page7 used on input line
 142.
(pdftex.def)             Requested size: 813.95514pt x 1151.81715pt.
 [37 <./Pruebas/Prueba2SEMArbol.pdf>]
<Pruebas/Prueba2SEMArbol.pdf, id=377, page=8, 597.19106pt x 845.07718pt>
File: Pruebas/Prueba2SEMArbol.pdf Graphic file (type pdf)
<use Pruebas/Prueba2SEMArbol.pdf, page 8>
Package pdftex.def Info: Pruebas/Prueba2SEMArbol.pdf , page8 used on input line
 142.
(pdftex.def)             Requested size: 813.95514pt x 1151.81715pt.
File: Pruebas/Prueba2SEMArbol.pdf Graphic file (type pdf)
<use Pruebas/Prueba2SEMArbol.pdf, page 8>
Package pdftex.def Info: Pruebas/Prueba2SEMArbol.pdf , page8 used on input line
 142.
(pdftex.def)             Requested size: 813.95514pt x 1151.81715pt.
File: Pruebas/Prueba2SEMArbol.pdf Graphic file (type pdf)
<use Pruebas/Prueba2SEMArbol.pdf, page 8>
Package pdftex.def Info: Pruebas/Prueba2SEMArbol.pdf , page8 used on input line
 142.
(pdftex.def)             Requested size: 813.95514pt x 1151.81715pt.
 [38 <./Pruebas/Prueba2SEMArbol.pdf>] (Pruebas/Prueba1LEX.txt) (Pruebas/Prueba3
LEX.txt)
(Pruebas/Prueba2ST.txt) [39] (Pruebas/Prueba1SEM.txt) [40] (MemoriaG82.aux)

LaTeX Warning: There were multiply-defined labels.

 ) 
Here is how much of TeX's memory you used:
 16424 strings out of 492453
 328126 string characters out of 3118207
 817263 words of memory out of 3000000
 20400 multiletter control sequences out of 15000+200000
 11366 words of font info for 40 fonts, out of 3000000 for 9000
 1141 hyphenation exceptions out of 8191
 60i,18n,85p,650b,1661s stack positions out of 5000i,500n,10000p,200000b,50000s
<C:/Users/Alejandro/AppData/Local/Programs/MiKTeX 2.9/fonts/type1/public/amsf
onts/cm/cmbsy10.pfb><C:/Users/Alejandro/AppData/Local/Programs/MiKTeX 2.9/fonts
/type1/public/amsfonts/cm/cmbx12.pfb><C:/Users/Alejandro/AppData/Local/Programs
/MiKTeX 2.9/fonts/type1/public/amsfonts/cm/cmmi10.pfb><C:/Users/Alejandro/AppDa
ta/Local/Programs/MiKTeX 2.9/fonts/type1/public/amsfonts/cm/cmmi12.pfb><C:/User
s/Alejandro/AppData/Local/Programs/MiKTeX 2.9/fonts/type1/public/amsfonts/cm/cm
mi8.pfb><C:/Users/Alejandro/AppData/Local/Programs/MiKTeX 2.9/fonts/type1/publi
c/amsfonts/cm/cmmib10.pfb><C:/Users/Alejandro/AppData/Local/Programs/MiKTeX 2.9
/fonts/type1/public/amsfonts/cm/cmr10.pfb><C:/Users/Alejandro/AppData/Local/Pro
grams/MiKTeX 2.9/fonts/type1/public/amsfonts/cm/cmr12.pfb><C:/Users/Alejandro/A
ppData/Local/Programs/MiKTeX 2.9/fonts/type1/public/amsfonts/cm/cmr17.pfb><C:/U
sers/Alejandro/AppData/Local/Programs/MiKTeX 2.9/fonts/type1/public/amsfonts/cm
/cmr7.pfb><C:/Users/Alejandro/AppData/Local/Programs/MiKTeX 2.9/fonts/type1/pub
lic/amsfonts/cm/cmr8.pfb><C:/Users/Alejandro/AppData/Local/Programs/MiKTeX 2.9/
fonts/type1/public/amsfonts/cm/cmsy10.pfb><C:/Users/Alejandro/AppData/Local/Pro
grams/MiKTeX 2.9/fonts/type1/public/amsfonts/cm/cmsy7.pfb><C:/Users/Alejandro/A
ppData/Local/Programs/MiKTeX 2.9/fonts/type1/public/amsfonts/cm/cmti10.pfb><C:/
Users/Alejandro/AppData/Local/Programs/MiKTeX 2.9/fonts/type1/public/amsfonts/c
m/cmtt10.pfb><C:/Users/Alejandro/AppData/Local/Programs/MiKTeX 2.9/fonts/type1/
public/amsfonts/cm/cmtt8.pfb>
Output written on MemoriaG82.pdf (40 pages, 603710 bytes).
PDF statistics:
 465 PDF objects out of 1000 (max. 8388607)
 0 named destinations out of 1000 (max. 500000)
 88 words of extra memory for PDF output out of 10000 (max. 10000000)

